<?xml version="1.0" encoding="UTF-8"?>
<testsuite xmlns:xsi="http://www.w3.org/2001/XMLSchema-instance" xsi:noNamespaceSchemaLocation="https://maven.apache.org/surefire/maven-surefire-plugin/xsd/surefire-test-report.xsd" version="3.0.2" name="rewards.internal.restaurant.JpaRestaurantRepositoryIntegrationTests" time="0.927" tests="2" errors="0" skipped="0" failures="0">
  <properties>
[...]
</properties>
  <testcase name="findRestaurantByMerchantNumber" classname="rewards.internal.restaurant.JpaRestaurantRepositoryIntegrationTests" time="0.499">
    <system-out><![CDATA[INFO : o.s.c.io.support.PropertySourceProcessor - Properties location [application.properties] not resolvable: class path resource [application.properties] cannot be opened because it does not exist
WARN : org.hibernate.orm.deprecation - HHH90000025: HSQLDialect does not need to be specified explicitly using 'hibernate.dialect' (remove the property setting and it will be selected by default)
INFO : accounts.internal.JpaAccountManager - Created JPA account-manager
INFO : config - Created JpaAccountManager
INFO : config - Created JpaRestaurantRepository
INFO : config - Created JdbcRewardRepository
Hibernate: 
    select
        r1_0.ID,
        r1_0.BENEFIT_PERCENTAGE,
        r1_0.BENEFIT_AVAILABILITY_POLICY,
        r1_0.NAME,
        r1_0.MERCHANT_NUMBER 
    from
        T_RESTAURANT r1_0 
    where
        r1_0.MERCHANT_NUMBER=?
]]></system-out>
    <system-err><![CDATA[Oct 05, 2025 7:42:53 PM config.DbConfig entityManagerFactory
INFO: JPA Show generated SQL? true
Mockito is currently self-attaching to enable the inline-mock-maker. This will no longer work in future releases of the JDK. Please add Mockito as an agent to your build as described in Mockito's documentation: https://javadoc.io/doc/org.mockito/mockito-core/latest/org.mockito/org/mockito/Mockito.html#0.3
WARNING: A Java agent has been loaded dynamically (/Users/ruel.sintinta/.m2/repository/net/bytebuddy/byte-buddy-agent/1.17.6/byte-buddy-agent-1.17.6.jar)
WARNING: If a serviceability tool is in use, please run with -XX:+EnableDynamicAgentLoading to hide this warning
WARNING: If a serviceability tool is not in use, please run with -Djdk.instrument.traceUsage for more information
WARNING: Dynamic loading of agents will be disallowed by default in a future release
]]></system-err>
  </testcase>
  <testcase name="checkProfile" classname="rewards.internal.restaurant.JpaRestaurantRepositoryIntegrationTests" time="0.005"/>
</testsuite>