<?xml version="1.0" encoding="UTF-8"?>
<testsuite xmlns:xsi="http://www.w3.org/2001/XMLSchema-instance" xsi:noNamespaceSchemaLocation="https://maven.apache.org/surefire/maven-surefire-plugin/xsd/surefire-test-report.xsd" version="3.0.2" name="accounts.internal.JpaAccountManagerIntegrationTests" time="0.137" tests="8" errors="0" skipped="0" failures="0">
  <properties>
[...]
</properties>
  <testcase name="getAccount" classname="accounts.internal.JpaAccountManagerIntegrationTests" time="0.008">
    <system-out><![CDATA[Hibernate: 
    select
        a1_0.ID,
        a1_0.NAME,
        a1_0.NUMBER 
    from
        T_ACCOUNT a1_0 
    where
        a1_0.ID=?
Hibernate: 
    select
        b1_0.ACCOUNT_ID,
        b1_0.ID,
        b1_0.ALLOCATION_PERCENTAGE,
        b1_0.NAME,
        b1_0.SAVINGS 
    from
        T_ACCOUNT_BENEFICIARY b1_0 
    where
        b1_0.ACCOUNT_ID=?
]]></system-out>
  </testcase>
  <testcase name="addBeneficiary" classname="accounts.internal.JpaAccountManagerIntegrationTests" time="0.007">
    <system-out><![CDATA[Hibernate: 
    select
        a1_0.ID,
        a1_0.NAME,
        a1_0.NUMBER 
    from
        T_ACCOUNT a1_0 
    where
        a1_0.ID=?
Hibernate: 
    select
        b1_0.ACCOUNT_ID,
        b1_0.ID,
        b1_0.ALLOCATION_PERCENTAGE,
        b1_0.NAME,
        b1_0.SAVINGS 
    from
        T_ACCOUNT_BENEFICIARY b1_0 
    where
        b1_0.ACCOUNT_ID=?
]]></system-out>
  </testcase>
  <testcase name="addAccount" classname="accounts.internal.JpaAccountManagerIntegrationTests" time="0.064">
    <system-out><![CDATA[INFO : utils.TransactionUtils - TRANSACTION = org.springframework.transaction.support.DefaultTransactionStatus@4a937d43
INFO : a.i.JpaAccountManagerIntegrationTests - TRANSACTION IS : org.springframework.transaction.support.DefaultTransactionStatus@4a937d43
Hibernate: 
    insert 
    into
        T_ACCOUNT
        (NAME, NUMBER, ID) 
    values
        (?, ?, default)
Hibernate: 
    insert 
    into
        T_ACCOUNT_BENEFICIARY
        (ALLOCATION_PERCENTAGE, NAME, SAVINGS, ID) 
    values
        (?, ?, ?, default)
Hibernate: 
    update
        T_ACCOUNT_BENEFICIARY 
    set
        ACCOUNT_ID=? 
    where
        ID=?
Hibernate: 
    select
        a1_0.ID,
        b1_0.ACCOUNT_ID,
        b1_0.ID,
        b1_0.ALLOCATION_PERCENTAGE,
        b1_0.NAME,
        b1_0.SAVINGS,
        a1_0.NAME,
        a1_0.NUMBER 
    from
        T_ACCOUNT a1_0 
    left join
        T_ACCOUNT_BENEFICIARY b1_0 
            on a1_0.ID=b1_0.ACCOUNT_ID
]]></system-out>
  </testcase>
  <testcase name="updateAccountBeneficiaries" classname="accounts.internal.JpaAccountManagerIntegrationTests" time="0.007">
    <system-out><![CDATA[Hibernate: 
    select
        a1_0.ID,
        a1_0.NAME,
        a1_0.NUMBER 
    from
        T_ACCOUNT a1_0 
    where
        a1_0.ID=?
Hibernate: 
    select
        b1_0.ACCOUNT_ID,
        b1_0.ID,
        b1_0.ALLOCATION_PERCENTAGE,
        b1_0.NAME,
        b1_0.SAVINGS 
    from
        T_ACCOUNT_BENEFICIARY b1_0 
    where
        b1_0.ACCOUNT_ID=?
]]></system-out>
  </testcase>
  <testcase name="removeBeneficiary" classname="accounts.internal.JpaAccountManagerIntegrationTests" time="0.007">
    <system-out><![CDATA[Hibernate: 
    select
        a1_0.ID,
        a1_0.NAME,
        a1_0.NUMBER 
    from
        T_ACCOUNT a1_0 
    where
        a1_0.ID=?
Hibernate: 
    select
        b1_0.ACCOUNT_ID,
        b1_0.ID,
        b1_0.ALLOCATION_PERCENTAGE,
        b1_0.NAME,
        b1_0.SAVINGS 
    from
        T_ACCOUNT_BENEFICIARY b1_0 
    where
        b1_0.ACCOUNT_ID=?
]]></system-out>
  </testcase>
  <testcase name="updateAccount" classname="accounts.internal.JpaAccountManagerIntegrationTests" time="0.009">
    <system-out><![CDATA[Hibernate: 
    select
        a1_0.ID,
        a1_0.NAME,
        a1_0.NUMBER 
    from
        T_ACCOUNT a1_0 
    where
        a1_0.ID=?
Hibernate: 
    select
        b1_0.ACCOUNT_ID,
        b1_0.ID,
        b1_0.ALLOCATION_PERCENTAGE,
        b1_0.NAME,
        b1_0.SAVINGS 
    from
        T_ACCOUNT_BENEFICIARY b1_0 
    where
        b1_0.ACCOUNT_ID=?
]]></system-out>
  </testcase>
  <testcase name="getAllAccounts" classname="accounts.internal.JpaAccountManagerIntegrationTests" time="0.014">
    <system-out><![CDATA[INFO : utils.TransactionUtils - TRANSACTION = org.springframework.transaction.support.DefaultTransactionStatus@125c03d3
INFO : a.i.JpaAccountManagerIntegrationTests - TRANSACTION IS : org.springframework.transaction.support.DefaultTransactionStatus@125c03d3
Hibernate: 
    select
        a1_0.ID,
        b1_0.ACCOUNT_ID,
        b1_0.ID,
        b1_0.ALLOCATION_PERCENTAGE,
        b1_0.NAME,
        b1_0.SAVINGS,
        a1_0.NAME,
        a1_0.NUMBER 
    from
        T_ACCOUNT a1_0 
    left join
        T_ACCOUNT_BENEFICIARY b1_0 
            on a1_0.ID=b1_0.ACCOUNT_ID
]]></system-out>
  </testcase>
  <testcase name="checkProfile" classname="accounts.internal.JpaAccountManagerIntegrationTests" time="0.004"/>
</testsuite>