<?xml version="1.0" encoding="UTF-8"?>
<testsuite xmlns:xsi="http://www.w3.org/2001/XMLSchema-instance" xsi:noNamespaceSchemaLocation="https://maven.apache.org/surefire/maven-surefire-plugin/xsd/surefire-test-report.xsd" version="3.0.2" name="accounts.client.AccountClientSecurityTests" time="4.319" tests="5" errors="0" skipped="5" failures="0">
  <properties>
[...]
</properties>
  <testcase name="user_in_ADMIN_role_can_access_conditions_endpoint" classname="accounts.client.AccountClientSecurityTests" time="0.0">
    <skipped message="void accounts.client.AccountClientSecurityTests.user_in_ADMIN_role_can_access_conditions_endpoint() is @Disabled"/>
    <system-out><![CDATA[INFO : o.s.t.c.s.AnnotationConfigContextLoaderUtils - Could not detect default configuration classes for test class [accounts.client.AccountClientSecurityTests]: AccountClientSecurityTests does not declare any static, non-private, non-final, nested classes annotated with @Configuration.
INFO : o.s.b.t.c.SpringBootTestContextBootstrapper - Found @SpringBootConfiguration accounts.ActuatorApplication for test class accounts.client.AccountClientSecurityTests
INFO : o.s.b.d.r.RestartApplicationListener - Restart disabled due to context in which it is running
 ::                                                         ____
 /\    ____                 ____             _              \ \ \
|/\|  / ___|___  _ __ ___  / ___| _ __  _ __(_)_ __   __ _   \ \ \
     | |   / _ \| '__/ _ \ \___ \| '_ \| '__| | '_ \ / _` |   \ \ \
     | |__| (_) | | |  __/  ___) | |_) | |  | | | | | (_| |   / / /
      \____\___/|_|  \___| |____/| .__/|_|  |_|_| |_|\__, |  / / /
 ================================|_|==================|___/=/_/_/=
   :: Core Spring Training ::                  :: v3.5.3 ::

INFO : a.client.AccountClientSecurityTests - Starting AccountClientSecurityTests using Java 21.0.7 with PID 34969 (started by ruel.sintinta in /Users/ruel.sintinta/Documents/core-spring-labfiles/lab/44-actuator)
DEBUG: a.client.AccountClientSecurityTests - Running with Spring Boot v3.5.3, Spring v6.2.8
INFO : a.client.AccountClientSecurityTests - No active profile set, falling back to 1 default profile: "default"
INFO : o.s.b.w.embedded.tomcat.TomcatWebServer - Tomcat initialized with port 0 (http)
INFO : o.apache.coyote.http11.Http11NioProtocol - Initializing ProtocolHandler ["http-nio-auto-1"]
INFO : o.apache.catalina.core.StandardService - Starting service [Tomcat]
INFO : org.apache.catalina.core.StandardEngine - Starting Servlet engine: [Apache Tomcat/10.1.42]
INFO : o.a.c.c.C.[Tomcat].[localhost].[/] - Initializing Spring embedded WebApplicationContext
INFO : o.s.b.w.s.c.ServletWebServerApplicationContext - Root WebApplicationContext: initialization completed in 1528 ms
INFO : accounts.internal.JpaAccountManager - Created JPA account-manager
INFO : accounts.internal.JpaAccountManager - Created JPA account-manager
INFO : config - Created JpaAccountManager
INFO : config - Created JpaRestaurantRepository
INFO : config - Created JdbcRewardRepository
WARN : o.s.b.a.o.j.JpaBaseConfiguration$JpaWebConfiguration - spring.jpa.open-in-view is enabled by default. Therefore, database queries may be performed during view rendering. Explicitly configure spring.jpa.open-in-view to disable this warning
INFO : o.s.b.a.w.s.WelcomePageHandlerMapping - Adding welcome page: class path resource [static/index.html]
DEBUG: _.s.web.servlet.HandlerMapping.Mappings - 
	a.w.AccountController:
	{DELETE [/accounts/{accountId}/beneficiaries/{beneficiaryName}]}: removeBeneficiary(long,String)
	{GET [/accounts/{id}]}: accountDetails(int)
	{GET [/accounts]}: accountSummary()
	{POST [/accounts]}: createAccount(Account)
	{GET [/accounts/{accountId}/beneficiaries/{beneficiaryName}]}: getBeneficiary(int,String)
	{POST [/accounts/{accountId}/beneficiaries]}: addBeneficiary(long,String)
DEBUG: _.s.web.servlet.HandlerMapping.Mappings - 
	o.s.b.a.w.s.e.BasicErrorController:
	{ [/error]}: error(HttpServletRequest)
	{ [/error], produces [text/html]}: errorHtml(HttpServletRequest,HttpServletResponse)
DEBUG: _.s.web.servlet.HandlerMapping.Mappings - 'beanNameHandlerMapping' {}
DEBUG: _.s.web.servlet.HandlerMapping.Mappings - 'resourceHandlerMapping' {/webjars/**=ResourceHttpRequestHandler [classpath [META-INF/resources/webjars/]], /**=ResourceHttpRequestHandler [classpath [META-INF/resources/], classpath [resources/], classpath [static/], classpath [public/], ServletContext [/]]}
INFO : o.s.b.a.e.web.EndpointLinksResolver - Exposing 13 endpoints beneath base path '/actuator'
INFO : o.apache.coyote.http11.Http11NioProtocol - Starting ProtocolHandler ["http-nio-auto-1"]
INFO : o.s.b.w.embedded.tomcat.TomcatWebServer - Tomcat started on port 59833 (http) with context path '/'
INFO : a.client.AccountClientSecurityTests - Started AccountClientSecurityTests in 3.921 seconds (process running for 6.488)
]]></system-out>
  </testcase>
  <testcase name="any_user_can_access_health_endpoint" classname="accounts.client.AccountClientSecurityTests" time="0.0">
    <skipped message="void accounts.client.AccountClientSecurityTests.any_user_can_access_health_endpoint() is @Disabled"/>
  </testcase>
  <testcase name="any_user_cannot_access_conditions_endpoint" classname="accounts.client.AccountClientSecurityTests" time="0.0">
    <skipped message="void accounts.client.AccountClientSecurityTests.any_user_cannot_access_conditions_endpoint() is @Disabled"/>
  </testcase>
  <testcase name="user_in_ACTUATOR_role_cannot_access_conditions_endpoint" classname="accounts.client.AccountClientSecurityTests" time="0.0">
    <skipped message="void accounts.client.AccountClientSecurityTests.user_in_ACTUATOR_role_cannot_access_conditions_endpoint() is @Disabled"/>
  </testcase>
  <testcase name="any_user_can_access_info_endpoint" classname="accounts.client.AccountClientSecurityTests" time="0.0">
    <skipped message="void accounts.client.AccountClientSecurityTests.any_user_can_access_info_endpoint() is @Disabled"/>
  </testcase>
</testsuite>